\BOOKMARK [1][-]{section.1}{Plateau de Jeu}{}% 1
\BOOKMARK [2][-]{subsection.1.1}{Diagramme de classe minimaliste du jeu}{section.1}% 2
\BOOKMARK [2][-]{subsection.1.2}{Version enrichie du diagramme de classe du jeu}{section.1}% 3
\BOOKMARK [2][-]{subsection.1.3}{Ocl - Contraintes d'unicit\351}{section.1}% 4
\BOOKMARK [2][-]{subsection.1.4}{Ocl - Contraintes OCL du diagramme de classe}{section.1}% 5
\BOOKMARK [2][-]{subsection.1.5}{Lien entre les deux DSLS}{section.1}% 6
\BOOKMARK [2][-]{subsection.1.6}{Diagramme d'objet d'un monde}{section.1}% 7
\BOOKMARK [1][-]{section.2}{Description de Strat\351gie}{}% 8
\BOOKMARK [2][-]{subsection.2.1}{Mod\351lisation du concept de strat\351gie}{section.2}% 9
\BOOKMARK [2][-]{subsection.2.2}{Mod\351lisation du concept de Type}{section.2}% 10
\BOOKMARK [2][-]{subsection.2.3}{Mod\351lisation du concept de d\351claration}{section.2}% 11
\BOOKMARK [2][-]{subsection.2.4}{Mod\351lisation explicite d'un objectif}{section.2}% 12
\BOOKMARK [2][-]{subsection.2.5}{Mod\351lisation explicite d'une action}{section.2}% 13
\BOOKMARK [2][-]{subsection.2.6}{Mod\351lisation explicite d'une expression}{section.2}% 14
\BOOKMARK [2][-]{subsection.2.7}{Mod\351lisation explicite d'une instruction}{section.2}% 15
\BOOKMARK [2][-]{subsection.2.8}{Ocl - Contraintes d'unicit\351}{section.2}% 16
\BOOKMARK [2][-]{subsection.2.9}{Ocl - Contrainte sur les d\351clarations}{section.2}% 17
\BOOKMARK [2][-]{subsection.2.10}{Ocl - Contrats sur l'op\351ration Expression :: type\(\) : Type}{section.2}% 18
\BOOKMARK [2][-]{subsection.2.11}{Op\351ration estTraversableGraceAuxItems\(\) : Boolean}{section.2}% 19
\BOOKMARK [2][-]{subsection.2.12}{Op\351ration ramasser\(\) : Void}{section.2}% 20
\BOOKMARK [2][-]{subsection.2.13}{Op\351ration Instruction :: estValide : Boolean}{section.2}% 21
\BOOKMARK [2][-]{subsection.2.14}{Contrainte sur la coh\351rence des r\350gles}{section.2}% 22
\BOOKMARK [2][-]{subsection.2.15}{Diagramme d'objet d'une strat\351gie}{section.2}% 23
\BOOKMARK [2][-]{subsection.2.16}{Maturit\351 et Modularit\351}{section.2}% 24
